# project ns (3.23) configured on Tue Oct 27 14:42:32 2015 by
# waf 1.7.16 (abi 98, python 2070af0 on darwin)
# using ./waf configure --check-cxx-compiler=clang++
#
----------------------------------------
Setting top to
/Users/uceeoas/Codes/temp/ns-3-inrpp
----------------------------------------
Setting out to
/Users/uceeoas/Codes/temp/ns-3-inrpp/build
----------------------------------------
Checking for 'gcc' (c compiler)
find program=['gcc', 'cc'] paths=['/opt/local/bin', '/opt/local/sbin', '/usr/local/bin', '/usr/bin', '/bin', '/usr/sbin', '/sbin'] var='CC' -> '/opt/local/bin/gcc'
find program=['ar'] paths=['/opt/local/bin', '/opt/local/sbin', '/usr/local/bin', '/usr/bin', '/bin', '/usr/sbin', '/sbin'] var='AR' -> '/opt/local/bin/ar'
/opt/local/bin/gcc
----------------------------------------
Checking for cc version
4.7.4
----------------------------------------
Checking for 'clang++' (c++ compiler)
from /Users/uceeoas/Codes/temp/ns-3-inrpp: Could not load the Waf tool 'clang++' from ['/Users/uceeoas/Codes/temp/ns-3-inrpp/.waf-1.7.16-9ca17eb492c97b689870b4ff9db75880', '/Users/uceeoas/Codes/temp/ns-3-inrpp', '/System/Library/Frameworks/Python.framework/Versions/2.7/lib/python27.zip', '/System/Library/Frameworks/Python.framework/Versions/2.7/lib/python2.7', '/System/Library/Frameworks/Python.framework/Versions/2.7/lib/python2.7/plat-darwin', '/System/Library/Frameworks/Python.framework/Versions/2.7/lib/python2.7/plat-mac', '/System/Library/Frameworks/Python.framework/Versions/2.7/lib/python2.7/plat-mac/lib-scriptpackages', '/System/Library/Frameworks/Python.framework/Versions/2.7/Extras/lib/python', '/System/Library/Frameworks/Python.framework/Versions/2.7/lib/python2.7/lib-tk', '/System/Library/Frameworks/Python.framework/Versions/2.7/lib/python2.7/lib-old', '/System/Library/Frameworks/Python.framework/Versions/2.7/lib/python2.7/lib-dynload', '/System/Library/Frameworks/Python.framework/Versions/2.7/Extras/lib/python/PyObjC', '/Library/Python/2.7/site-packages'] (try the --download option?):
No module named clangxx
not found
from /Users/uceeoas/Codes/temp/ns-3-inrpp: could not configure a c++ compiler!
